{
  "stats": {
    "suites": 1,
    "tests": 5,
    "passes": 5,
    "pending": 0,
    "failures": 0,
    "start": "2021-07-12T19:19:21.812Z",
    "end": "2021-07-12T19:32:09.773Z",
    "duration": 767961,
    "testsRegistered": 5,
    "passPercent": 100,
    "pendingPercent": 0,
    "other": 0,
    "hasOther": false,
    "skipped": 0,
    "hasSkipped": false
  },
  "results": [
    {
      "uuid": "15f67be5-a788-4236-b5b2-f1049127419b",
      "title": "",
      "fullFile": "cypress/integration/Redcapital/flujoMisDatos.js",
      "file": "cypress/integration/Redcapital/flujoMisDatos.js",
      "beforeHooks": [],
      "afterHooks": [],
      "tests": [],
      "suites": [
        {
          "uuid": "6fb9a48e-5035-488b-8e9e-98e96f3f2ce9",
          "title": "Mis datos",
          "fullFile": "",
          "file": "",
          "beforeHooks": [],
          "afterHooks": [],
          "tests": [
            {
              "title": "Perfil usuario",
              "fullTitle": "Mis datos Perfil usuario",
              "timedOut": null,
              "duration": 352784,
              "state": "passed",
              "speed": "slow",
              "pass": true,
              "fail": false,
              "pending": false,
              "context": null,
              "code": "//loggear usuario\ncy.wait(5000);\ncy.get('[href=\"/login\"] > .v-btn__content').click();\ncy.wait(5000);\ncy.get('.justify-center > .container > .layout > :nth-child(1) > .dni-field > .v-input > .v-input__control > .v-input__slot > .v-text-field__slot > input').type('173222149');\ncy.get('.justify-center > .container > .layout > :nth-child(2) > .v-input > .v-input__control > .v-input__slot > .v-text-field__slot > input').type('123qwe');\ncy.wait(5000);\ncy.get('.justify-center > .container > .layout > .text-xs-center > .btn-panel > .v-btn__content').click();\ncy.wait(5000); //Ingresar sitio solicitante\ncy.get('.btnsitio2').click();\ncy.wait(5000); //cerrar ventana emergente\ncy.get('.v-dialog__content--active > .v-dialog > .v-card > .btnclose > .v-btn__content').click();\ncy.wait(5000); //click en mis datos\ncy.get(':nth-child(6) > .v-list__tile > .v-list__tile__action').click({\n  force: true\n});\ncy.wait(5000); //click en editar informacion personal\ncy.get(':nth-child(1) > .v-card > .v-card__title > [style=\"display: flex; justify-content: space-between; width: 100%;\"] > .btn-editar > .v-btn__content > .headline').click();\ncy.wait(5000); //nombre\ncy.get('.lg12 > :nth-child(2) > .v-input > .v-input__control > .v-input__slot > .v-text-field__slot > input').clear().type('Fake Nombre');\ncy.wait(5000); //email\ncy.get('.lg12 > :nth-child(4) > .v-input > .v-input__control > .v-input__slot > .v-text-field__slot').clear().type('lgallardo@redcapital.cl');\ncy.wait(5000); //profesion/oficio\ncy.get(':nth-child(5) > .v-input > .v-input__control > .v-input__slot > .v-text-field__slot > input').clear().type('Analista');\ncy.wait(5000); //fecha de nacimiento\ncy.get(':nth-child(6) > .v-input > .v-input__control > .v-input__slot > .v-text-field__slot > input').click();\ncy.wait(5000); //elegir dia, mes ,año\ncy.get('.v-input--is-focused > .v-input__control > .v-input__slot > .v-text-field__slot > input').type('2021-09-06');\ncy.wait(5000); //telefnono\ncy.get(':nth-child(7) > .v-input > .v-input__control > .v-input__slot > .v-text-field__slot').clear().type('996008969');\ncy.wait(5000); //direccion\ncy.get(':nth-child(8) > .v-input > .v-input__control > .v-input__slot > .v-text-field__slot > input').clear().type('Fake direccion');\ncy.wait(5000); //select de comuna\ncy.get(':nth-child(9) > .v-input > .v-input__control > .v-input__slot > .v-select__slot > .v-select__selections').click();\ncy.wait(5000); //opcion antofagasta\ncy.get('.menuable__content__active > .v-select-list > .v-list > :nth-child(1) > .v-list__tile > .v-list__tile__content > .v-list__tile__title').click({\n  force: true\n});\ncy.wait(5000); //select region\ncy.get(':nth-child(10) > .v-input > .v-input__control > .v-input__slot > .v-select__slot > .v-select__selections').click();\ncy.wait(5000); //opcion antofagasta\ncy.get('.menuable__content__active > .v-select-list > .v-list > div.primary--text > .v-list__tile > .v-list__tile__content > .v-list__tile__title').click({\n  force: true\n});\ncy.wait(5000); //guardar cambios\ncy.get('.lg12 > .layout > .flex > .btn-panel > .v-btn__content').click({\n  force: true\n});\ncy.wait(5000); //-> editar contraseña<-\n//contraseña actual\ncy.get('.md12 > :nth-child(1) > :nth-child(2) > .v-input > .v-input__control > .v-input__slot > .v-text-field__slot > input').type('123qwe');\ncy.wait(5000); //click eye button\ncy.get('.md12 > :nth-child(1) > :nth-child(2) > .v-input > .v-input__control > .v-input__slot > .v-input__append-inner > .v-input__icon > .v-icon').click();\ncy.wait(5000); //contraseña nueva\ncy.get(':nth-child(3) > .v-input > .v-input__control > .v-input__slot > .v-text-field__slot > input').type('123qwe');\ncy.wait(5000); //click eye button\ncy.get(':nth-child(3) > .v-input > .v-input__control > .v-input__slot > .v-input__append-inner > .v-input__icon > .v-icon').click();\ncy.wait(5000); //confirmar contraseña\ncy.get('.md12 > :nth-child(1) > :nth-child(4) > .v-input > .v-input__control > .v-input__slot > .v-text-field__slot > input').type('123qwe');\ncy.wait(5000); //click eye button\ncy.get(':nth-child(4) > .v-input > .v-input__control > .v-input__slot > .v-input__append-inner > .v-input__icon > .v-icon').click();\ncy.wait(5000); //guardar cambios\ncy.get('.md12 > :nth-child(1) > .layout > .flex > .btn-panel > .v-btn__content').click();\ncy.wait(5000); //volver\ncy.get('.btn-volver > .v-btn__content').click();\ncy.wait(5000); //->editar informacion de contacto<---\n//presionar editar ver si funciona el boton\ncy.get('.elevation-3 > .v-card__title > [style=\"display: flex; justify-content: space-between; width: 100%;\"] > .btn-editar > .v-btn__content > .headline').click();\ncy.wait(5000); //volver\ncy.get('.btn-volver > .v-btn__content').click();\ncy.wait(5000); //ir a mis empresas\ncy.get(':nth-child(7) > .v-list__tile > .v-list__tile__action').click();\ncy.wait(5000); //seleccionar empresa\ncy.get(':nth-child(4) > :nth-child(3) > .btn-seleccionar-select > .v-btn__content').click();\ncy.wait(5000); //ir a  mis datos otra vez\ncy.get(':nth-child(6) > .v-list__tile > .v-list__tile__action').click();\ncy.wait(5000); //click en pestaña cuentas bancarias\ncy.get(':nth-child(3) > .v-tabs__item').click();\ncy.wait(5000); //agregar nueva cuenta\ncy.get('.my-3 > :nth-child(1) > .flex > .btn-panel > .v-btn__content').click();\ncy.wait(5000); //select para desplegar bancos\ncy.get('.v-dialog__content--active > .v-dialog > .v-card > .container > .layout > .flex > :nth-child(3) > .v-input__control > .v-input__slot > .v-select__slot > .v-select__selections').click();\ncy.wait(5000); //selecciionar opcion banco estado\ncy.get('.v-menu__content--fixed > .v-select-list > .v-list > :nth-child(3) > .v-list__tile > .v-list__tile__content > .v-list__tile__title').click();\ncy.wait(5000); //ingresar numero de cuenta\ncy.get('.v-dialog__content--active > .v-dialog > .v-card > .container > .layout > .flex > :nth-child(4) > .v-input__control > .v-input__slot > .v-text-field__slot').type('555555555555');\ncy.wait(5000); //select para desplegar opcion de tipo de cuenta\ncy.get('.v-dialog__content--active > .v-dialog > .v-card > .container > .layout > .flex > :nth-child(5) > .v-input__control > .v-input__slot > .v-select__slot > .v-select__selections').click();\ncy.wait(5000); //seleccionar opcion cuenta vista\ncy.get('.menuable__content__active > .v-select-list > .v-list > :nth-child(2) > .v-list__tile > .v-list__tile__content > .v-list__tile__title').click();\ncy.wait(5000); //ingresar alias\ncy.get('.v-dialog__content--active > .v-dialog > .v-card > .container > .layout > .flex > :nth-child(6) > .v-input__control > .v-input__slot > .v-text-field__slot > input').type('test');\ncy.wait(5000); //deseo transferir a otro rut\ncy.get('.v-dialog__content--active > .v-dialog > .v-card > .pb-2 > :nth-child(1) > .v-btn__content').click();\ncy.wait(5000); //cerrar ventana emergente\ncy.get('[style=\"z-index: 204;\"] > .v-dialog > .v-card > .btnclose > .v-btn__content').click();\ncy.wait(5000); //agregar cuenta(se necesita borrar esa cuenta para que no se almacene)\ncy.get('.pb-2 > :nth-child(2) > .v-btn__content').click();\ncy.wait(5000); //buscar \ncy.get('.xs4 > .v-input > .v-input__control > .v-input__slot > .v-text-field__slot > input').type('OSCAR');\ncy.wait(5000); //editar cuenta\ncy.get(':nth-child(2) > :nth-child(8) > .v-icon').click();\ncy.wait(5000); //select de banco para editar\ncy.get('.v-dialog__content--active > .v-dialog > .v-card > .container > .layout > .flex > :nth-child(3) > .v-input__control > .v-input__slot > .v-select__slot > .v-select__selections').click();\ncy.wait(5000); //elegir opcion BANCO DO BRASIL\ncy.get('.menuable__content__active > .v-select-list > .v-list > :nth-child(6) > .v-list__tile > .v-list__tile__content > .v-list__tile__title').click();\ncy.wait(5000); //editar numero de cuenta\ncy.get('.v-dialog__content--active > .v-dialog > .v-card > .container > .layout > .flex > :nth-child(4) > .v-input__control > .v-input__slot > .v-text-field__slot > input').clear().type('7777777777');\ncy.wait(5000); //select tipo de cuenta para editar\ncy.get('.v-dialog__content--active > .v-dialog > .v-card > .container > .layout > .flex > :nth-child(5) > .v-input__control > .v-input__slot > .v-select__slot > .v-select__selections').click();\ncy.wait(5000); //elegir opcion cuenta de ahorro\ncy.get('.menuable__content__active > .v-select-list > .v-list > :nth-child(3) > .v-list__tile > .v-list__tile__content > .v-list__tile__title').click();\ncy.wait(5000); // editar alias\ncy.get('.v-dialog__content--active > .v-dialog > .v-card > .container > .layout > .flex > :nth-child(6) > .v-input__control > .v-input__slot > .v-text-field__slot > input').clear().type('testeditado');\ncy.wait(5000); //presionar editar cuenta\ncy.get('.v-dialog__content--active > .v-dialog > .v-card > .pb-2 > .btn-panel > .v-btn__content').click();\ncy.wait(5000);",
              "err": {},
              "uuid": "b3fcc55f-ef8e-4e21-be78-f8e915837dea",
              "parentUUID": "6fb9a48e-5035-488b-8e9e-98e96f3f2ce9",
              "isHook": false,
              "skipped": false
            },
            {
              "title": "Pestaña sii",
              "fullTitle": "Mis datos Pestaña sii",
              "timedOut": null,
              "duration": 122366,
              "state": "passed",
              "speed": "slow",
              "pass": true,
              "fail": false,
              "pending": false,
              "context": null,
              "code": "//loggear usuario\ncy.wait(5000);\ncy.get('[href=\"/login\"] > .v-btn__content').click();\ncy.wait(5000);\ncy.get('.justify-center > .container > .layout > :nth-child(1) > .dni-field > .v-input > .v-input__control > .v-input__slot > .v-text-field__slot > input').type('173222149');\ncy.get('.justify-center > .container > .layout > :nth-child(2) > .v-input > .v-input__control > .v-input__slot > .v-text-field__slot > input').type('123qwe');\ncy.wait(5000);\ncy.get('.justify-center > .container > .layout > .text-xs-center > .btn-panel > .v-btn__content').click();\ncy.wait(5000); //Ingresar sitio solicitante\ncy.get('.btnsitio2').click();\ncy.wait(5000); //cerrar ventana emergente\ncy.get('.v-dialog__content--active > .v-dialog > .v-card > .btnclose > .v-btn__content').click();\ncy.wait(5000); //click en mis datos\ncy.get(':nth-child(6) > .v-list__tile > .v-list__tile__action').click({\n  force: true\n});\ncy.wait(5000); //click en mis empresas\ncy.get(':nth-child(7) > .v-list__tile > .v-list__tile__action').click();\ncy.wait(5000); //eledir empresa oscar ignacio ...\ncy.get(':nth-child(4) > :nth-child(3) > .btn-seleccionar-select > .v-btn__content').click();\ncy.wait(5000); //volver a mis datos\ncy.get(':nth-child(6) > .v-list__tile > .v-list__tile__action').click();\ncy.wait(5000); //->pestaña SII<-\n//seleccionar pestaña sii\ncy.get(':nth-child(4) > .v-tabs__item').click();\ncy.wait(5000); //clave de consulta sii boton\ncy.get(':nth-child(2) > .mt-5 > .btn-panel > .v-btn__content').click();\ncy.wait(5000); // limpiar y digitar clave sii\ncy.get('.layout > .flex > :nth-child(3) > .v-input__control > .v-input__slot > .v-text-field__slot > input').clear().type('123456');\ncy.wait(5000); //click en eye button\ncy.get(':nth-child(3) > .v-input__control > .v-input__slot > .v-input__append-inner > .v-input__icon > .v-icon').click();\ncy.wait(5000); //repetir contraseña\ncy.get('.v-dialog__content--active > .v-dialog > .v-card > .container > .layout > .flex > :nth-child(4) > .v-input__control > .v-input__slot > .v-text-field__slot > input').clear().type('123456');\ncy.wait(5000); //click en eye button\ncy.get(':nth-child(4) > .v-input__control > .v-input__slot > .v-input__append-inner > .v-input__icon > .v-icon').click();\ncy.wait(5000); //click en aceptar\ncy.get('.v-dialog__content--active > .v-dialog > .v-card > .pb-2 > .btn-panel > .v-btn__content').click();\ncy.wait(5000); //cerrar pestaña\ncy.get('.v-dialog__content--active > .v-dialog > .v-card > .btnclose > .v-btn__content').click();\ncy.wait(5000);",
              "err": {},
              "uuid": "68c36eb7-750d-46f4-869e-88416c1ed673",
              "parentUUID": "6fb9a48e-5035-488b-8e9e-98e96f3f2ce9",
              "isHook": false,
              "skipped": false
            },
            {
              "title": "seleccionar trg",
              "fullTitle": "Mis datos seleccionar trg",
              "timedOut": null,
              "duration": 90222,
              "state": "passed",
              "speed": "slow",
              "pass": true,
              "fail": false,
              "pending": false,
              "context": null,
              "code": "//loggear usuario\ncy.wait(5000);\ncy.get('[href=\"/login\"] > .v-btn__content').click();\ncy.wait(5000);\ncy.get('.justify-center > .container > .layout > :nth-child(1) > .dni-field > .v-input > .v-input__control > .v-input__slot > .v-text-field__slot > input').type('173222149');\ncy.get('.justify-center > .container > .layout > :nth-child(2) > .v-input > .v-input__control > .v-input__slot > .v-text-field__slot > input').type('123qwe');\ncy.wait(5000);\ncy.get('.justify-center > .container > .layout > .text-xs-center > .btn-panel > .v-btn__content').click();\ncy.wait(5000); //Ingresar sitio solicitante\ncy.get('.btnsitio2').click();\ncy.wait(5000); //cerrar ventana emergente\ncy.get('.v-dialog__content--active > .v-dialog > .v-card > .btnclose > .v-btn__content').click();\ncy.wait(5000); //click en mis datos\ncy.get(':nth-child(6) > .v-list__tile > .v-list__tile__action').click({\n  force: true\n});\ncy.wait(5000); //click en mis empresas\ncy.get(':nth-child(7) > .v-list__tile > .v-list__tile__action').click();\ncy.wait(5000); //eledir empresa oscar ignacio ...\ncy.get(':nth-child(4) > :nth-child(3) > .btn-seleccionar-select > .v-btn__content').click();\ncy.wait(5000); //volver a mis datos\ncy.get(':nth-child(6) > .v-list__tile > .v-list__tile__action').click();\ncy.wait(5000); //click  en tgr\ncy.get(':nth-child(5) > .v-tabs__item').click();\ncy.wait(5000); //select empresa\ncy.get('.pt-3 > .pa-3 > .v-select > .v-input__control > .v-input__slot > .v-select__slot > .v-select__selections').click();\ncy.wait(5000); //ingresar clave trg\ncy.get('.pt-3 > .pa-3 > .mt-2 > .v-input__control > .v-input__slot > .v-text-field__slot > input').type('123456');\ncy.wait(5000); //guardar configuración\ncy.get('.layout > .pt-3 > .btn-panel > .v-btn__content').click();\ncy.wait(5000);",
              "err": {},
              "uuid": "830272d4-2d09-4ce9-b45c-a9174e199aa5",
              "parentUUID": "6fb9a48e-5035-488b-8e9e-98e96f3f2ce9",
              "isHook": false,
              "skipped": false
            },
            {
              "title": "previred",
              "fullTitle": "Mis datos previred",
              "timedOut": null,
              "duration": 92212,
              "state": "passed",
              "speed": "slow",
              "pass": true,
              "fail": false,
              "pending": false,
              "context": null,
              "code": "//loggear usuario\ncy.wait(5000);\ncy.get('[href=\"/login\"] > .v-btn__content').click();\ncy.wait(5000);\ncy.get('.justify-center > .container > .layout > :nth-child(1) > .dni-field > .v-input > .v-input__control > .v-input__slot > .v-text-field__slot > input').type('173222149');\ncy.get('.justify-center > .container > .layout > :nth-child(2) > .v-input > .v-input__control > .v-input__slot > .v-text-field__slot > input').type('123qwe');\ncy.wait(5000);\ncy.get('.justify-center > .container > .layout > .text-xs-center > .btn-panel > .v-btn__content').click();\ncy.wait(5000); //Ingresar sitio solicitante\ncy.get('.btnsitio2').click();\ncy.wait(5000); //cerrar ventana emergente\ncy.get('.v-dialog__content--active > .v-dialog > .v-card > .btnclose > .v-btn__content').click();\ncy.wait(5000); //click en mis datos\ncy.get(':nth-child(6) > .v-list__tile > .v-list__tile__action').click({\n  force: true\n});\ncy.wait(5000); //click en mis empresas\ncy.get(':nth-child(7) > .v-list__tile > .v-list__tile__action').click();\ncy.wait(5000); //eledir empresa oscar ignacio ...\ncy.get(':nth-child(4) > :nth-child(3) > .btn-seleccionar-select > .v-btn__content').click();\ncy.wait(5000); //volver a mis datos\ncy.get(':nth-child(6) > .v-list__tile > .v-list__tile__action').click();\ncy.wait(5000); //seleccionar pestaña previred\ncy.get(':nth-child(6) > .v-tabs__item').click();\ncy.wait(5000); //seleccionar select de empresa\ncy.get(':nth-child(1) > .v-form > .container > .layout > .text-xs-center > .pa-3 > .v-select > .v-input__control > .v-input__slot > .v-select__slot > .v-select__selections').click();\ncy.wait(5000); //ingresar clave previred\ncy.get(':nth-child(1) > .v-form > .container > .layout > .text-xs-center > .pa-3 > :nth-child(2) > .v-input__control > .v-input__slot > .v-text-field__slot > input').type('123456');\ncy.wait(5000); //guardar configuracion\ncy.get('.pa-3 > .btn-panel > .v-btn__content').click();\ncy.wait(5000);",
              "err": {},
              "uuid": "d43dcce4-6154-4565-8b58-2702ccdff251",
              "parentUUID": "6fb9a48e-5035-488b-8e9e-98e96f3f2ce9",
              "isHook": false,
              "skipped": false
            },
            {
              "title": "notificaciones",
              "fullTitle": "Mis datos notificaciones",
              "timedOut": null,
              "duration": 109984,
              "state": "passed",
              "speed": "slow",
              "pass": true,
              "fail": false,
              "pending": false,
              "context": null,
              "code": "//loggear usuario\ncy.wait(5000);\ncy.get('[href=\"/login\"] > .v-btn__content').click();\ncy.wait(5000);\ncy.get('.justify-center > .container > .layout > :nth-child(1) > .dni-field > .v-input > .v-input__control > .v-input__slot > .v-text-field__slot > input').type('173222149');\ncy.get('.justify-center > .container > .layout > :nth-child(2) > .v-input > .v-input__control > .v-input__slot > .v-text-field__slot > input').type('123qwe');\ncy.wait(5000);\ncy.get('.justify-center > .container > .layout > .text-xs-center > .btn-panel > .v-btn__content').click();\ncy.wait(5000); //Ingresar sitio solicitante\ncy.get('.btnsitio2').click();\ncy.wait(5000); //cerrar ventana emergente\ncy.get('.v-dialog__content--active > .v-dialog > .v-card > .btnclose > .v-btn__content').click();\ncy.wait(5000); //click en mis datos\ncy.get(':nth-child(6) > .v-list__tile > .v-list__tile__action').click({\n  force: true\n});\ncy.wait(5000); //click en mis empresas\ncy.get(':nth-child(7) > .v-list__tile > .v-list__tile__action').click();\ncy.wait(5000); //eledir empresa oscar ignacio ...\ncy.get(':nth-child(4) > :nth-child(3) > .btn-seleccionar-select > .v-btn__content').click();\ncy.wait(5000); //volver a mis datos\ncy.get(':nth-child(6) > .v-list__tile > .v-list__tile__action').click();\ncy.wait(5000); //click en notificaciones\ncy.get('[style=\"margin-right: 35px;\"] > .v-tabs__item').click();\ncy.wait(5000); //click en desactivar notificaciones por mail\ncy.get(':nth-child(2) > .container > .layout > .xs4 > .v-input > .v-input__control > .v-input__slot > .v-input--selection-controls__input > .v-input--selection-controls__ripple').click();\ncy.wait(5000); //activar las notificaciones por mail\ncy.get(':nth-child(2) > .container > .layout > .xs4 > .v-input > .v-input__control > .v-input__slot > .v-input--selection-controls__input > .v-input--selection-controls__ripple').click();\ncy.wait(5000); //activar notificaciones por whatsapp\ncy.get(':nth-child(3) > .container > .layout > .xs4 > .v-input > .v-input__control > .v-input__slot > .v-input--selection-controls__input > .v-input--selection-controls__ripple').click();\ncy.wait(5000); //descactivar notificaciones por whatsapp\ncy.get(':nth-child(3) > .container > .layout > .xs4 > .v-input > .v-input__control > .v-input__slot > .v-input--selection-controls__input > .v-input--selection-controls__ripple').click();\ncy.wait(5000); //activar ofertas y novedades\ncy.get(':nth-child(3) > .container > .layout > .xs4 > .v-input > .v-input__control > .v-input__slot > .v-input--selection-controls__input > .v-input--selection-controls__ripple').click();\ncy.wait(5000); //desactivar ofertas y novedades\ncy.get(':nth-child(3) > .container > .layout > .xs4 > .v-input > .v-input__control > .v-input__slot > .v-input--selection-controls__input > .v-input--selection-controls__ripple').click();\ncy.wait(5000); //guardar configuracion\ncy.get(':nth-child(1) > .v-form > .white > .fill-height > .text-xs-center.xs12 > .btn-panel > .v-btn__content').click();\ncy.wait(5000);",
              "err": {},
              "uuid": "bf711038-c331-4607-927e-766193aaab0e",
              "parentUUID": "6fb9a48e-5035-488b-8e9e-98e96f3f2ce9",
              "isHook": false,
              "skipped": false
            }
          ],
          "suites": [],
          "passes": [
            "b3fcc55f-ef8e-4e21-be78-f8e915837dea",
            "68c36eb7-750d-46f4-869e-88416c1ed673",
            "830272d4-2d09-4ce9-b45c-a9174e199aa5",
            "d43dcce4-6154-4565-8b58-2702ccdff251",
            "bf711038-c331-4607-927e-766193aaab0e"
          ],
          "failures": [],
          "pending": [],
          "skipped": [],
          "duration": 767568,
          "root": false,
          "rootEmpty": false,
          "_timeout": 2000
        }
      ],
      "passes": [],
      "failures": [],
      "pending": [],
      "skipped": [],
      "duration": 0,
      "root": true,
      "rootEmpty": true,
      "_timeout": 2000
    }
  ],
  "meta": {
    "mocha": {
      "version": "7.0.1"
    },
    "mochawesome": {
      "options": {
        "quiet": false,
        "reportFilename": "mochawesome",
        "saveHtml": true,
        "saveJson": true,
        "consoleReporter": "spec",
        "useInlineDiffs": false,
        "code": true
      },
      "version": "6.2.2"
    },
    "marge": {
      "options": null,
      "version": "5.2.0"
    }
  }
}