{
  "stats": {
    "suites": 1,
    "tests": 4,
    "passes": 4,
    "pending": 0,
    "failures": 0,
    "start": "2021-08-11T20:34:21.547Z",
    "end": "2021-08-11T20:46:13.524Z",
    "duration": 711977,
    "testsRegistered": 4,
    "passPercent": 100,
    "pendingPercent": 0,
    "other": 0,
    "hasOther": false,
    "skipped": 0,
    "hasSkipped": false
  },
  "results": [
    {
      "uuid": "46ebd616-6f99-4141-b908-19ca0518f0ff",
      "title": "",
      "fullFile": "cypress/integration/Redcapital/bannerPorqueRedcapital.js",
      "file": "cypress/integration/Redcapital/bannerPorqueRedcapital.js",
      "beforeHooks": [],
      "afterHooks": [],
      "tests": [],
      "suites": [
        {
          "uuid": "1021816f-858f-4166-beea-93e28928d24a",
          "title": "Testeo a opciones del banner ¿por que redcapital?",
          "fullFile": "",
          "file": "",
          "beforeHooks": [],
          "afterHooks": [],
          "tests": [
            {
              "title": "Testing a quienes somos",
              "fullTitle": "Testeo a opciones del banner ¿por que redcapital? Testing a quienes somos",
              "timedOut": null,
              "duration": 92794,
              "state": "passed",
              "speed": "slow",
              "pass": true,
              "fail": false,
              "pending": false,
              "context": null,
              "code": "//quienes somos\ncy.get('.public-navbar > .v-toolbar > .v-toolbar__content > .v-toolbar__items > .ml-0:nth-child(3)').click();\ncy.wait(5000);\ncy.get('.v-menu__content:nth-child(2) > .v-list > .text-uppercase:nth-child(1) > .v-list__tile > .v-list__tile__title').click();\ncy.wait(5000); //click a linkedin g anania\ncy.get('.flex:nth-child(1) > .elevation-3 > .img__description > .flex > a > .imgCentered').click({\n  force: true\n});\ncy.wait(5000); //click a linkedin felipe \ncy.get('.flex:nth-child(2) > .elevation-3 > .img__description > .flex > a > .imgCentered').click({\n  force: true\n});\ncy.wait(5000); //click a linkedin raul\ncy.get('.flex:nth-child(3) > .elevation-3 > .img__description > .flex > a > .imgCentered').click({\n  force: true\n});\ncy.wait(5000); //click a likedin anibal pinto\ncy.get('.flex:nth-child(4) > .elevation-3 > .img__description > .flex > a > .imgCentered').click({\n  force: true\n});\ncy.wait(5000);",
              "err": {},
              "uuid": "042bceed-d561-47b2-8675-69a471ba91a7",
              "parentUUID": "1021816f-858f-4166-beea-93e28928d24a",
              "isHook": false,
              "skipped": false
            },
            {
              "title": "Testear testimonio",
              "fullTitle": "Testeo a opciones del banner ¿por que redcapital? Testear testimonio",
              "timedOut": null,
              "duration": 131582,
              "state": "passed",
              "speed": "slow",
              "pass": true,
              "fail": false,
              "pending": false,
              "context": null,
              "code": "cy.get('.v-toolbar > .v-toolbar__content > .v-toolbar__items > .ml-0:nth-child(3) > .v-btn__content').click();\ncy.wait(5000); //ingresar a testimonios\ncy.wait(5000);\ncy.get('.v-menu__content:nth-child(2) > .v-list > .text-uppercase:nth-child(2) > .v-list__tile > .v-list__tile__title').click({\n  force: true\n});\ncy.wait(5000); //leer hisoria jose antonio otero\ncy.get(':nth-child(1) > :nth-child(2) > .elevation-3 > .v-card__text > .layout > .hero-card-btn > .ma-0 > .v-btn__content').click();\ncy.wait(5000); //volver desde jose antonio\ncy.get('.study-1 > .justify-center > :nth-child(1) > .v-btn > .v-btn__content').click();\ncy.wait(5000); //volver a leer mensaje desde jose antonio\ncy.get(':nth-child(1) > :nth-child(2) > .elevation-3 > .v-card__text > .layout > .hero-card-btn > .ma-0 > .v-btn__content').click();\ncy.wait(5000); //solicitar desde jose antonio\ncy.get(':nth-child(2) > .btn-panel > .v-btn__content').contains('Solicitar').click(); //cy.wait(5000);\n//reingresar a testimonios\ncy.get('.v-menu__content:nth-child(2) > .v-list > .text-uppercase:nth-child(2) > .v-list__tile > .v-list__tile__title').click({\n  force: true\n}); //cy.get('.v-menu__content:nth-child(2) > .v-list > .text-uppercase:nth-child(2) > .v-list__tile > .v-list__tile__title').click({force:true});\ncy.wait(5000); //leer testimonio marcela osorio\ncy.get(':nth-child(1) > :nth-child(3) > .elevation-3 > .v-card__text > .layout > .hero-card-btn > .ma-0 > .v-btn__content').click();\ncy.wait(5000); //volver desde marcela osorio\ncy.get('.study-1 > .justify-center > :nth-child(1) > .v-btn > .v-btn__content').click();\ncy.wait(5000); //volver a leer historia marcela osorio\ncy.get(':nth-child(1) > :nth-child(3) > .elevation-3 > .v-card__text > .layout > .hero-card-btn > .ma-0 > .v-btn__content').click(); //solicitar desde marcela osorio\ncy.get('.study-1 > .layout > .flex > .btn-panel > .v-btn__content').click({\n  multiple: true\n});\ncy.wait(5000);",
              "err": {},
              "uuid": "5ce05684-4949-4d35-a88b-30f5ffa3ebe5",
              "parentUUID": "1021816f-858f-4166-beea-93e28928d24a",
              "isHook": false,
              "skipped": false
            },
            {
              "title": "Testing a ver noticias",
              "fullTitle": "Testeo a opciones del banner ¿por que redcapital? Testing a ver noticias",
              "timedOut": null,
              "duration": 86560,
              "state": "passed",
              "speed": "slow",
              "pass": true,
              "fail": false,
              "pending": false,
              "context": null,
              "code": "cy.get('.v-toolbar > .v-toolbar__content > .v-toolbar__items > .ml-0:nth-child(3) > .v-btn__content').click();\ncy.wait(5000); //ingresar a noticias\ncy.get('.v-menu__content:nth-child(2) > .v-list > .text-uppercase:nth-child(2) > .v-list__tile > .v-list__tile__title').click({\n  force: true\n});\ncy.wait(5000); //ver noticia soytv\ncy.get('.en-prensa > :nth-child(2) > .elevation-3 > .v-card__text > .layout > .hero-card-btn > .ma-0').click();\ncy.wait(5000); //ver noticia diario estrategia\ncy.get('.en-prensa > :nth-child(3) > .elevation-3 > .v-card__text > .layout > .hero-card-btn > .ma-0').click();\ncy.wait(5000); //noticia df.cl\ncy.get(':nth-child(4) > .elevation-3 > .v-card__text > .layout > .hero-card-btn > .ma-0 > .v-btn__content').click();\ncy.wait(5000); //ver mas \ncy.get('.en-prensa > .pb-5 > .ma-0 > .v-btn__content').click();\ncy.wait(5000);",
              "err": {},
              "uuid": "8868a29a-f02f-4f72-b101-2f92c789efb3",
              "parentUUID": "1021816f-858f-4166-beea-93e28928d24a",
              "isHook": false,
              "skipped": false
            },
            {
              "title": "Testing a prensa",
              "fullTitle": "Testeo a opciones del banner ¿por que redcapital? Testing a prensa",
              "timedOut": null,
              "duration": 398598,
              "state": "passed",
              "speed": "slow",
              "pass": true,
              "fail": false,
              "pending": false,
              "context": null,
              "code": "//click a la pestaña por que redcapital? ubicada en el banner\ncy.get('.v-toolbar > .v-toolbar__content > .v-toolbar__items > .ml-0:nth-child(3) > .v-btn__content').click();\ncy.wait(5000); //click a \"prensa\"\ncy.get('.v-menu__content:nth-child(2) > .v-list > .text-uppercase:nth-child(3) > .v-list__tile > .v-list__tile__title').click({\n  force: true\n});\ncy.wait(5000); //click a enlace SOYTV\ncy.get(':nth-child(1) > .container > .layout > .btn-go-where-the-endermans-lives > .flex > .text-capitalize > .v-btn__content').click();\ncy.wait(5000); //click a diarioEstrategia\ncy.get(':nth-child(2) > .container > .layout > .btn-go-where-the-endermans-lives > .flex > .text-capitalize > .v-btn__content').click();\ncy.wait(5000); //click a DF.cl\ncy.get(':nth-child(3) > .container > .layout > .btn-go-where-the-endermans-lives > .flex > .text-capitalize > .v-btn__content').click();\ncy.wait(5000); //click a diaroEstrategia-> Crowfunding entrevista\ncy.get(':nth-child(3) > .container > .layout > .btn-go-where-the-endermans-lives > .flex > .text-capitalize > .v-btn__content').click();\ncy.wait(5000); //click a el mercurio\ncy.get(':nth-child(5) > .container > .layout > .btn-go-where-the-endermans-lives > .flex > .text-capitalize > .v-btn__content').click();\ncy.wait(5000); //click LTpuslo\ncy.get(':nth-child(6) > .container > .layout > .btn-go-where-the-endermans-lives > .flex > .text-capitalize > .v-btn__content').click();\ncy.wait(5000); //click a DF.cl -> la oportunidad del fondo crece\ncy.get(':nth-child(6) > .container > .layout > .btn-go-where-the-endermans-lives > .flex > .text-capitalize > .v-btn__content').click();\ncy.wait(5000); //click a ELLIBRERO\ncy.get(':nth-child(9) > .container > .layout > .btn-go-where-the-endermans-lives > .flex > .text-capitalize > .v-btn__content').click();\ncy.wait(5000); //click a DF.cl->El casting \"banco estado\"para modernizar el banco  atraves de fintech\ncy.get(':nth-child(10) > .container > .layout > .btn-go-where-the-endermans-lives > .flex > .text-capitalize > .v-btn__content').click();\ncy.wait(5000); //click a DiarioEstrategia->\"crowfunding una alternativa para quienes deciden retirar su 10%...\"\ncy.get(':nth-child(11) > .container > .layout > .btn-go-where-the-endermans-lives > .flex > .text-capitalize > .v-btn__content').click();\ncy.wait(5000); //click el mercurio -> entes financieros activan asesorias y bancos...\ncy.get(':nth-child(12) > .container > .layout > .btn-go-where-the-endermans-lives > .flex > .text-capitalize > .v-btn__content').click();\ncy.wait(5000); //click a chilevision emprender y reinventarse\ncy.get(':nth-child(13) > .container > .layout > .btn-go-where-the-endermans-lives > .flex > .text-capitalize > .v-btn__content').click();\ncy.wait(5000); //click en enlace terra \"guías para las pymes\"\ncy.get(':nth-child(14) > .container > .layout > .btn-go-where-the-endermans-lives > .flex > .text-capitalize > .v-btn__content').click();\ncy.wait(5000); //click enlace diarioEstrategia \"transformacion digital y pymes: nunca es tarde\"\ncy.get(':nth-child(15) > .container > .layout > .btn-go-where-the-endermans-lives > .flex > .text-capitalize > .v-btn__content').click();\ncy.wait(5000); //click LTpulso \"nuevas pymes llegan a los factoring frente a mayor liquidez inmediata\"\ncy.get(':nth-child(16) > .container > .layout > .btn-go-where-the-endermans-lives > .flex > .text-capitalize > .v-btn__content').click();\ncy.wait(5000); //click enlace LTpulso \"Startups navegando bajo pandemia\"\ncy.get(':nth-child(17) > .container > .layout > .btn-go-where-the-endermans-lives > .flex > .text-capitalize > .v-btn__content').click();\ncy.wait(5000); //click LTlatercera \"STARTUPS navegando bajo pandemia\ncy.get(':nth-child(18) > .container > .layout > .btn-go-where-the-endermans-lives > .flex > .text-capitalize > .v-btn__content').click();\ncy.wait(5000); //click LTlatercera \"regulacion y rol de las fintech en chile\"\ncy.get(':nth-child(19) > .container > .layout > .btn-go-where-the-endermans-lives > .flex > .text-capitalize > .v-btn__content').click();\ncy.wait(5000); //click en cooperativa.cl \"entrevista enta edición... \"\ncy.get(':nth-child(20) > .container > .layout > .btn-go-where-the-endermans-lives > .flex > .text-capitalize > .v-btn__content').click();\ncy.wait(5000); //click cooperativa.cl \"entrevista en 2da edición...\"\ncy.get(':nth-child(21) > .container > .layout > .btn-go-where-the-endermans-lives > .flex > .text-capitalize > .v-btn__content').click();\ncy.wait(5000); //click en cooperativa.cl \"gremios estiman cerca de 200 mil pymes desaparecerán tras la pandemia..\"\ncy.get(':nth-child(22) > .container > .layout > .btn-go-where-the-endermans-lives > .flex > .text-capitalize > .v-btn__content').click();\ncy.wait(5000); //click en m \"dia de la pyme: las principales ayudas apuntan a ..\"\ncy.get(':nth-child(22) > .container > .layout > .btn-go-where-the-endermans-lives > .flex > .text-capitalize > .v-btn__content').click();\ncy.wait(5000); //click en 42Diario estrategia \"informe radar pyme en pandemia:principales ayudas..\"\ncy.get(':nth-child(24) > .container > .layout > .btn-go-where-the-endermans-lives > .flex > .text-capitalize > .v-btn__content').click();\ncy.wait(5000); //click bio bio chile \"crowfunding: una alternativa para las pymes que no han podido acceder a beneficios estatales\"\ncy.get(':nth-child(25) > .container > .layout > .btn-go-where-the-endermans-lives > .flex > .text-capitalize > .v-btn__content').click();\ncy.wait(5000); //click 42Diario la estrategia \"atencion pymes: 5 consejos para entender y acceder al financiamiento colectivo\"\ncy.get(':nth-child(26) > .container > .layout > .btn-go-where-the-endermans-lives > .flex > .text-capitalize > .v-btn__content').click();\ncy.wait(5000); //click LTpulso \"oportunidades para invertir en renta fija a corto plazo y con excelentes rentabilidades\"\ncy.get(':nth-child(27) > .container > .layout > .btn-go-where-the-endermans-lives > .flex > .text-capitalize > .v-btn__content').click();\ncy.wait(5000); //click DF.cl \"redcapital crece 30% en primer trimestre pese a los impactos de la crisis\"\ncy.get(':nth-child(28) > .container > .layout > .btn-go-where-the-endermans-lives > .flex > .text-capitalize > .v-btn__content').click();\ncy.wait(5000); //click 42 diario la estrategia \"efectos covid-19 y urgencia liquidez\"\ncy.get(':nth-child(30) > .container > .layout > .btn-go-where-the-endermans-lives > .flex > .text-capitalize > .v-btn__content').click();\ncy.wait(5000); //click ELLIBRERO \"fintech y su capacidad de otorgar liquidez a las pymes\"\ncy.get(':nth-child(31) > .container > .layout > .btn-go-where-the-endermans-lives > .flex > .text-capitalize > .v-btn__content').click();\ncy.wait(5000); //click LTlatercera \"corfo prevee llegar a 40.000 pymes con fondo crece que dara liquidez...\"\ncy.get(':nth-child(32) > .container > .layout > .btn-go-where-the-endermans-lives > .flex > .text-capitalize > .v-btn__content').click();\ncy.wait(5000); //click DF.cl \"la ayuda para las pyme no es suficiente\"\ncy.get(':nth-child(32) > .container > .layout > .btn-go-where-the-endermans-lives > .flex > .text-capitalize > .v-btn__content').click();\ncy.wait(5000);",
              "err": {},
              "uuid": "8627079f-d968-4024-b3c2-5f2407fa14f1",
              "parentUUID": "1021816f-858f-4166-beea-93e28928d24a",
              "isHook": false,
              "skipped": false
            }
          ],
          "suites": [],
          "passes": [
            "042bceed-d561-47b2-8675-69a471ba91a7",
            "5ce05684-4949-4d35-a88b-30f5ffa3ebe5",
            "8868a29a-f02f-4f72-b101-2f92c789efb3",
            "8627079f-d968-4024-b3c2-5f2407fa14f1"
          ],
          "failures": [],
          "pending": [],
          "skipped": [],
          "duration": 709534,
          "root": false,
          "rootEmpty": false,
          "_timeout": 2000
        }
      ],
      "passes": [],
      "failures": [],
      "pending": [],
      "skipped": [],
      "duration": 0,
      "root": true,
      "rootEmpty": true,
      "_timeout": 2000
    }
  ],
  "meta": {
    "mocha": {
      "version": "7.0.1"
    },
    "mochawesome": {
      "options": {
        "quiet": false,
        "reportFilename": "mochawesome",
        "saveHtml": true,
        "saveJson": true,
        "consoleReporter": "spec",
        "useInlineDiffs": false,
        "code": true
      },
      "version": "6.2.2"
    },
    "marge": {
      "options": null,
      "version": "5.2.0"
    }
  }
}